#
# There is insufficient memory for the Java Runtime Environment to continue.
# Native memory allocation (malloc) failed to allocate 1438208 bytes for Chunk::new
# Possible reasons:
#   The system is out of physical RAM or swap space
#   The process is running with CompressedOops enabled, and the Java Heap may be blocking the growth of the native heap
# Possible solutions:
#   Reduce memory load on the system
#   Increase physical memory or swap space
#   Check if swap backing store is full
#   Decrease Java heap size (-Xmx/-Xms)
#   Decrease number of Java threads
#   Decrease Java thread stack sizes (-Xss)
#   Set larger code cache with -XX:ReservedCodeCacheSize=
#   JVM is running with Unscaled Compressed Oops mode in which the Java heap is
#     placed in the first 4GB address space. The Java Heap base address is the
#     maximum limit for the native heap growth. Please use -XX:HeapBaseMinAddress
#     to set the Java Heap base and to place the Java Heap above 4GB virtual address.
# This output file may be truncated or incomplete.
#
#  Out of Memory Error (allocation.cpp:389), pid=8044, tid=0x00000000000068a8
#
# JRE version: Java(TM) SE Runtime Environment (8.0_241-b07) (build 1.8.0_241-b07)
# Java VM: Java HotSpot(TM) 64-Bit Server VM (25.241-b07 mixed mode windows-amd64 compressed oops)
# Failed to write core dump. Minidumps are not enabled by default on client versions of Windows
#

---------------  T H R E A D  ---------------

Current thread (0x0000000014d3b800):  JavaThread "C2 CompilerThread1" daemon [_thread_in_native, id=26792, stack(0x00000000164b0000,0x00000000165b0000)]

Stack: [0x00000000164b0000,0x00000000165b0000]
[error occurred during error reporting (printing stack bounds), id 0xc0000005]

Native frames: (J=compiled Java code, j=interpreted, Vv=VM code, C=native code)


Current CompileTask:
C2:  42462 4463       4       java.net.URLClassLoader$1::run (5 bytes)


---------------  P R O C E S S  ---------------

Java Threads: ( => current thread )
  0x000000001834b000 JavaThread "resolver-4" daemon [_thread_blocked, id=6696, stack(0x000000001d500000,0x000000001d600000)]
  0x00000000172c7000 JavaThread "resolver-3" daemon [_thread_blocked, id=27504, stack(0x000000001c370000,0x000000001c470000)]
  0x000000001958c800 JavaThread "resolver-2" daemon [_thread_blocked, id=22176, stack(0x000000001c270000,0x000000001c370000)]
  0x000000001c6b7800 JavaThread "resolver-1" daemon [_thread_blocked, id=24552, stack(0x000000001c170000,0x000000001c270000)]
  0x00000000166da800 JavaThread "Service Thread" daemon [_thread_blocked, id=18932, stack(0x0000000016ab0000,0x0000000016bb0000)]
  0x0000000014d82000 JavaThread "C1 CompilerThread2" daemon [_thread_blocked, id=25420, stack(0x00000000165b0000,0x00000000166b0000)]
=>0x0000000014d3b800 JavaThread "C2 CompilerThread1" daemon [_thread_in_native, id=26792, stack(0x00000000164b0000,0x00000000165b0000)]
  0x0000000014d37800 JavaThread "C2 CompilerThread0" daemon [_thread_in_native, id=4804, stack(0x00000000163b0000,0x00000000164b0000)]
  0x0000000014d35800 JavaThread "Attach Listener" daemon [_thread_blocked, id=27964, stack(0x00000000162b0000,0x00000000163b0000)]
  0x0000000014d34000 JavaThread "Signal Dispatcher" daemon [_thread_blocked, id=2256, stack(0x00000000161b0000,0x00000000162b0000)]
  0x000000000271a800 JavaThread "Finalizer" daemon [_thread_blocked, id=10332, stack(0x0000000015f80000,0x0000000016080000)]
  0x0000000002712000 JavaThread "Reference Handler" daemon [_thread_blocked, id=30468, stack(0x0000000015e80000,0x0000000015f80000)]
  0x0000000002622800 JavaThread "main" [_thread_in_native, id=10420, stack(0x0000000002450000,0x0000000002550000)]

Other Threads:
  0x0000000014cf7800 VMThread [stack: 0x0000000015d80000,0x0000000015e80000] [id=20380]
  0x00000000166db800 WatcherThread [stack: 0x0000000016bb0000,0x0000000016cb0000] [id=31988]

VM state:not at safepoint (normal execution)

VM Mutex/Monitor currently owned by a thread: None

heap address: 0x00000000c1400000, size: 1004 MB, Compressed Oops mode: 32-bit
Narrow klass base: 0x0000000000000000, Narrow klass shift: 3
Compressed class space size: 1073741824 Address: 0x0000000100000000

Heap:
 PSYoungGen      total 138752K, used 39125K [0x00000000eb180000, 0x00000000f9080000, 0x0000000100000000)
  eden space 126464K, 30% used [0x00000000eb180000,0x00000000ed7b57c0,0x00000000f2d00000)
  from space 12288K, 0% used [0x00000000f2d00000,0x00000000f2d00000,0x00000000f3900000)
  to   space 12800K, 0% used [0x00000000f8400000,0x00000000f8400000,0x00000000f9080000)
 ParOldGen       total 48640K, used 18899K [0x00000000c1400000, 0x00000000c4380000, 0x00000000eb180000)
  object space 48640K, 38% used [0x00000000c1400000,0x00000000c2674c90,0x00000000c4380000)
 Metaspace       used 24040K, capacity 24756K, committed 25088K, reserved 1071104K
  class space    used 2801K, capacity 2995K, committed 3072K, reserved 1048576K

Card table byte_map: [0x0000000011ae0000,0x0000000011ce0000] byte_map_base: 0x00000000114d6000

Marking Bits: (ParMarkBitMap*) 0x00000000624dbe30
 Begin Bits: [0x0000000012230000, 0x00000000131e0000)
 End Bits:   [0x00000000131e0000, 0x0000000014190000)

Polling page: 0x0000000002550000

CodeCache: size=245760Kb used=14148Kb max_used=14194Kb free=231612Kb
 bounds [0x0000000002720000, 0x0000000003510000, 0x0000000011720000]
 total_blobs=4328 nmethods=3917 adapters=322
 compilation: enabled

Compilation events (10 events):
Event: 41.857 Thread 0x0000000014d82000 4481       3       java.lang.String::valueOf (18 bytes)
Event: 41.858 Thread 0x0000000014d82000 nmethod 4481 0x00000000034f5890 code [0x00000000034f5a00, 0x00000000034f5cf0]
Event: 41.866 Thread 0x0000000014d82000 4484       3       java.net.URLClassLoader::definePackage (272 bytes)
Event: 41.870 Thread 0x0000000014d82000 nmethod 4484 0x00000000034f5e10 code [0x00000000034f62a0, 0x00000000034f92d8]
Event: 41.870 Thread 0x0000000014d82000 4485   !   3       java.lang.ClassLoader::definePackage (77 bytes)
Event: 41.871 Thread 0x0000000014d82000 nmethod 4485 0x00000000034faf50 code [0x00000000034fb100, 0x00000000034fb7b8]
Event: 42.134 Thread 0x0000000014d82000 4486       3       sun.reflect.ClassFileAssembler::getLength (11 bytes)
Event: 42.135 Thread 0x0000000014d82000 nmethod 4486 0x00000000034fbbd0 code [0x00000000034fbd40, 0x00000000034fbf50]
Event: 42.135 Thread 0x0000000014d82000 4487       3       sun.reflect.ClassFileAssembler::incStack (11 bytes)
Event: 42.135 Thread 0x0000000014d82000 nmethod 4487 0x00000000034fc050 code [0x00000000034fc1c0, 0x00000000034fc3d0]

GC Heap History (10 events):
Event: 22.854 GC heap before
{Heap before GC invocations=6 (full 0):
 PSYoungGen      total 35328K, used 35296K [0x00000000eb180000, 0x00000000efe80000, 0x0000000100000000)
  eden space 32768K, 100% used [0x00000000eb180000,0x00000000ed180000,0x00000000ed180000)
  from space 2560K, 98% used [0x00000000ed180000,0x00000000ed3f8020,0x00000000ed400000)
  to   space 6656K, 0% used [0x00000000ef800000,0x00000000ef800000,0x00000000efe80000)
 ParOldGen       total 44032K, used 8294K [0x00000000c1400000, 0x00000000c3f00000, 0x00000000eb180000)
  object space 44032K, 18% used [0x00000000c1400000,0x00000000c1c19bf8,0x00000000c3f00000)
 Metaspace       used 13351K, capacity 13564K, committed 13696K, reserved 1060864K
  class space    used 1597K, capacity 1658K, committed 1664K, reserved 1048576K
Event: 22.867 GC heap after
Heap after GC invocations=6 (full 0):
 PSYoungGen      total 72192K, used 4384K [0x00000000eb180000, 0x00000000efe80000, 0x0000000100000000)
  eden space 65536K, 0% used [0x00000000eb180000,0x00000000eb180000,0x00000000ef180000)
  from space 6656K, 65% used [0x00000000ef800000,0x00000000efc48020,0x00000000efe80000)
  to   space 6656K, 0% used [0x00000000ef180000,0x00000000ef180000,0x00000000ef800000)
 ParOldGen       total 44032K, used 8302K [0x00000000c1400000, 0x00000000c3f00000, 0x00000000eb180000)
  object space 44032K, 18% used [0x00000000c1400000,0x00000000c1c1bbf8,0x00000000c3f00000)
 Metaspace       used 13351K, capacity 13564K, committed 13696K, reserved 1060864K
  class space    used 1597K, capacity 1658K, committed 1664K, reserved 1048576K
}
Event: 29.356 GC heap before
{Heap before GC invocations=7 (full 0):
 PSYoungGen      total 72192K, used 69920K [0x00000000eb180000, 0x00000000efe80000, 0x0000000100000000)
  eden space 65536K, 100% used [0x00000000eb180000,0x00000000ef180000,0x00000000ef180000)
  from space 6656K, 65% used [0x00000000ef800000,0x00000000efc48020,0x00000000efe80000)
  to   space 6656K, 0% used [0x00000000ef180000,0x00000000ef180000,0x00000000ef800000)
 ParOldGen       total 44032K, used 8302K [0x00000000c1400000, 0x00000000c3f00000, 0x00000000eb180000)
  object space 44032K, 18% used [0x00000000c1400000,0x00000000c1c1bbf8,0x00000000c3f00000)
 Metaspace       used 14450K, capacity 14814K, committed 14848K, reserved 1062912K
  class space    used 1684K, capacity 1773K, committed 1792K, reserved 1048576K
Event: 29.435 GC heap after
Heap after GC invocations=7 (full 0):
 PSYoungGen      total 72192K, used 6631K [0x00000000eb180000, 0x00000000f4080000, 0x0000000100000000)
  eden space 65536K, 0% used [0x00000000eb180000,0x00000000eb180000,0x00000000ef180000)
  from space 6656K, 99% used [0x00000000ef180000,0x00000000ef7f9ca8,0x00000000ef800000)
  to   space 7680K, 0% used [0x00000000f3900000,0x00000000f3900000,0x00000000f4080000)
 ParOldGen       total 44032K, used 9207K [0x00000000c1400000, 0x00000000c3f00000, 0x00000000eb180000)
  object space 44032K, 20% used [0x00000000c1400000,0x00000000c1cfdc48,0x00000000c3f00000)
 Metaspace       used 14450K, capacity 14814K, committed 14848K, reserved 1062912K
  class space    used 1684K, capacity 1773K, committed 1792K, reserved 1048576K
}
Event: 34.198 GC heap before
{Heap before GC invocations=8 (full 0):
 PSYoungGen      total 72192K, used 72167K [0x00000000eb180000, 0x00000000f4080000, 0x0000000100000000)
  eden space 65536K, 100% used [0x00000000eb180000,0x00000000ef180000,0x00000000ef180000)
  from space 6656K, 99% used [0x00000000ef180000,0x00000000ef7f9ca8,0x00000000ef800000)
  to   space 7680K, 0% used [0x00000000f3900000,0x00000000f3900000,0x00000000f4080000)
 ParOldGen       total 44032K, used 9207K [0x00000000c1400000, 0x00000000c3f00000, 0x00000000eb180000)
  object space 44032K, 20% used [0x00000000c1400000,0x00000000c1cfdc48,0x00000000c3f00000)
 Metaspace       used 19131K, capacity 19586K, committed 19840K, reserved 1067008K
  class space    used 2264K, capacity 2365K, committed 2432K, reserved 1048576K
Event: 34.239 GC heap after
Heap after GC invocations=8 (full 0):
 PSYoungGen      total 134144K, used 7680K [0x00000000eb180000, 0x00000000f4980000, 0x0000000100000000)
  eden space 126464K, 0% used [0x00000000eb180000,0x00000000eb180000,0x00000000f2d00000)
  from space 7680K, 100% used [0x00000000f3900000,0x00000000f4080000,0x00000000f4080000)
  to   space 12288K, 0% used [0x00000000f2d00000,0x00000000f2d00000,0x00000000f3900000)
 ParOldGen       total 44032K, used 17838K [0x00000000c1400000, 0x00000000c3f00000, 0x00000000eb180000)
  object space 44032K, 40% used [0x00000000c1400000,0x00000000c256b888,0x00000000c3f00000)
 Metaspace       used 19131K, capacity 19586K, committed 19840K, reserved 1067008K
  class space    used 2264K, capacity 2365K, committed 2432K, reserved 1048576K
}
Event: 35.900 GC heap before
{Heap before GC invocations=9 (full 0):
 PSYoungGen      total 134144K, used 35429K [0x00000000eb180000, 0x00000000f4980000, 0x0000000100000000)
  eden space 126464K, 21% used [0x00000000eb180000,0x00000000ecc99580,0x00000000f2d00000)
  from space 7680K, 100% used [0x00000000f3900000,0x00000000f4080000,0x00000000f4080000)
  to   space 12288K, 0% used [0x00000000f2d00000,0x00000000f2d00000,0x00000000f3900000)
 ParOldGen       total 44032K, used 17838K [0x00000000c1400000, 0x00000000c3f00000, 0x00000000eb180000)
  object space 44032K, 40% used [0x00000000c1400000,0x00000000c256b888,0x00000000c3f00000)
 Metaspace       used 20650K, capacity 21184K, committed 21248K, reserved 1069056K
  class space    used 2391K, capacity 2529K, committed 2560K, reserved 1048576K
Event: 35.934 GC heap after
Heap after GC invocations=9 (full 0):
 PSYoungGen      total 138752K, used 8582K [0x00000000eb180000, 0x00000000f9080000, 0x0000000100000000)
  eden space 126464K, 0% used [0x00000000eb180000,0x00000000eb180000,0x00000000f2d00000)
  from space 12288K, 69% used [0x00000000f2d00000,0x00000000f3561b40,0x00000000f3900000)
  to   space 12800K, 0% used [0x00000000f8400000,0x00000000f8400000,0x00000000f9080000)
 ParOldGen       total 44032K, used 20030K [0x00000000c1400000, 0x00000000c3f00000, 0x00000000eb180000)
  object space 44032K, 45% used [0x00000000c1400000,0x00000000c278f888,0x00000000c3f00000)
 Metaspace       used 20650K, capacity 21184K, committed 21248K, reserved 1069056K
  class space    used 2391K, capacity 2529K, committed 2560K, reserved 1048576K
}
Event: 35.934 GC heap before
{Heap before GC invocations=10 (full 1):
 PSYoungGen      total 138752K, used 8582K [0x00000000eb180000, 0x00000000f9080000, 0x0000000100000000)
  eden space 126464K, 0% used [0x00000000eb180000,0x00000000eb180000,0x00000000f2d00000)
  from space 12288K, 69% used [0x00000000f2d00000,0x00000000f3561b40,0x00000000f3900000)
  to   space 12800K, 0% used [0x00000000f8400000,0x00000000f8400000,0x00000000f9080000)
 ParOldGen       total 44032K, used 20030K [0x00000000c1400000, 0x00000000c3f00000, 0x00000000eb180000)
  object space 44032K, 45% used [0x00000000c1400000,0x00000000c278f888,0x00000000c3f00000)
 Metaspace       used 20650K, capacity 21184K, committed 21248K, reserved 1069056K
  class space    used 2391K, capacity 2529K, committed 2560K, reserved 1048576K
Event: 36.242 GC heap after
Heap after GC invocations=10 (full 1):
 PSYoungGen      total 138752K, used 0K [0x00000000eb180000, 0x00000000f9080000, 0x0000000100000000)
  eden space 126464K, 0% used [0x00000000eb180000,0x00000000eb180000,0x00000000f2d00000)
  from space 12288K, 0% used [0x00000000f2d00000,0x00000000f2d00000,0x00000000f3900000)
  to   space 12800K, 0% used [0x00000000f8400000,0x00000000f8400000,0x00000000f9080000)
 ParOldGen       total 48640K, used 18899K [0x00000000c1400000, 0x00000000c4380000, 0x00000000eb180000)
  object space 48640K, 38% used [0x00000000c1400000,0x00000000c2674c90,0x00000000c4380000)
 Metaspace       used 20650K, capacity 21184K, committed 21248K, reserved 1069056K
  class space    used 2391K, capacity 2529K, committed 2560K, reserved 1048576K
}

Deoptimization events (10 events):
Event: 40.323 Thread 0x0000000002622800 Uncommon trap: reason=class_check action=maybe_recompile pc=0x0000000002eeb138 method=java.util.regex.Pattern$7.isSatisfiedBy(I)Z @ 16
Event: 40.323 Thread 0x0000000002622800 Uncommon trap: reason=class_check action=maybe_recompile pc=0x00000000028571b0 method=java.util.regex.Pattern$CharProperty$1.isSatisfiedBy(I)Z @ 5
Event: 40.323 Thread 0x0000000002622800 Uncommon trap: reason=class_check action=maybe_recompile pc=0x00000000028571b0 method=java.util.regex.Pattern$CharProperty$1.isSatisfiedBy(I)Z @ 5
Event: 40.323 Thread 0x0000000002622800 Uncommon trap: reason=class_check action=maybe_recompile pc=0x00000000028571b0 method=java.util.regex.Pattern$CharProperty$1.isSatisfiedBy(I)Z @ 5
Event: 40.323 Thread 0x0000000002622800 Uncommon trap: reason=speculate_class_check action=maybe_recompile pc=0x0000000002a5d75c method=java.util.ArrayList.<init>(Ljava/util/Collection;)V @ 36
Event: 40.324 Thread 0x0000000002622800 Uncommon trap: reason=speculate_class_check action=maybe_recompile pc=0x0000000002a5d75c method=java.util.ArrayList.<init>(Ljava/util/Collection;)V @ 36
Event: 40.337 Thread 0x0000000002622800 Uncommon trap: reason=bimorphic action=maybe_recompile pc=0x000000000305321c method=java.util.regex.Pattern$Slice.match(Ljava/util/regex/Matcher;ILjava/lang/CharSequence;)Z @ 75
Event: 40.337 Thread 0x0000000002622800 Uncommon trap: reason=bimorphic action=maybe_recompile pc=0x000000000305321c method=java.util.regex.Pattern$Slice.match(Ljava/util/regex/Matcher;ILjava/lang/CharSequence;)Z @ 75
Event: 41.076 Thread 0x0000000002622800 Uncommon trap: reason=bimorphic action=maybe_recompile pc=0x0000000002f1c218 method=java.util.concurrent.ConcurrentHashMap.get(Ljava/lang/Object;)Ljava/lang/Object; @ 149
Event: 41.085 Thread 0x0000000002622800 Uncommon trap: reason=bimorphic action=maybe_recompile pc=0x0000000002f1c218 method=java.util.concurrent.ConcurrentHashMap.get(Ljava/lang/Object;)Ljava/lang/Object; @ 149

Classes redefined (0 events):
No events

Internal exceptions (10 events):
Event: 31.197 Thread 0x0000000002622800 Exception <a 'java/lang/NoClassDefFoundError': org/slf4j/Logger> (0x00000000ec113cc0) thrown at [C:\ade\jenkins\workspace\8-2-build-windows-amd64-cygwin\jdk8u241\331\hotspot\src\share\vm\oops\constantPool.cpp, line 245]
Event: 31.644 Thread 0x0000000002622800 Exception <a 'java/lang/ClassNotFoundException': com/sun/tools/javac/api/JavacTool> (0x00000000ec3a0100) thrown at [C:\ade\jenkins\workspace\8-2-build-windows-amd64-cygwin\jdk8u241\331\hotspot\src\share\vm\classfile\systemDictionary.cpp, line 210]
Event: 33.790 Thread 0x0000000002622800 Exception <a 'java/io/FileNotFoundException'> (0x00000000ee58bf70) thrown at [C:\ade\jenkins\workspace\8-2-build-windows-amd64-cygwin\jdk8u241\331\hotspot\src\share\vm\prims\jni.cpp, line 710]
Event: 33.813 Thread 0x0000000002622800 Exception <a 'java/io/FileNotFoundException'> (0x00000000ee5c1ae8) thrown at [C:\ade\jenkins\workspace\8-2-build-windows-amd64-cygwin\jdk8u241\331\hotspot\src\share\vm\prims\jni.cpp, line 710]
Event: 35.794 Thread 0x0000000002622800 Exception <a 'java/lang/NoClassDefFoundError': org/slf4j/Logger> (0x00000000ec8e0768) thrown at [C:\ade\jenkins\workspace\8-2-build-windows-amd64-cygwin\jdk8u241\331\hotspot\src\share\vm\oops\constantPool.cpp, line 245]
Event: 36.371 Thread 0x0000000002622800 Implicit null exception at 0x0000000002a4ffa3 to 0x0000000002a503d9
Event: 40.745 Thread 0x0000000002622800 Exception <a 'java/lang/NoClassDefFoundError': org/slf4j/Logger> (0x00000000ecc4d2f8) thrown at [C:\ade\jenkins\workspace\8-2-build-windows-amd64-cygwin\jdk8u241\331\hotspot\src\share\vm\oops\constantPool.cpp, line 245]
Event: 41.045 Thread 0x0000000002622800 Exception <a 'java/io/FileNotFoundException'> (0x00000000ecec0c98) thrown at [C:\ade\jenkins\workspace\8-2-build-windows-amd64-cygwin\jdk8u241\331\hotspot\src\share\vm\prims\jni.cpp, line 710]
Event: 41.245 Thread 0x0000000002622800 Exception <a 'java/lang/NoSuchFieldError': method resolution failed> (0x00000000ecf905d8) thrown at [C:\ade\jenkins\workspace\8-2-build-windows-amd64-cygwin\jdk8u241\331\hotspot\src\share\vm\prims\methodHandles.cpp, line 1167]
Event: 41.254 Thread 0x0000000002622800 Exception <a 'java/lang/NoSuchFieldError': method resolution failed> (0x00000000ecf9e068) thrown at [C:\ade\jenkins\workspace\8-2-build-windows-amd64-cygwin\jdk8u241\331\hotspot\src\share\vm\prims\methodHandles.cpp, line 1167]

Events (10 events):
Event: 41.862 loading class org/codehaus/plexus/util/FileUtils
Event: 41.862 loading class org/codehaus/plexus/util/FileUtils done
Event: 41.866 loading class org/codehaus/plexus/util/io/InputStreamFacade
Event: 41.866 loading class org/codehaus/plexus/util/io/InputStreamFacade done
Event: 41.866 loading class org/codehaus/plexus/util/io/InputStreamFacade
Event: 41.866 loading class org/codehaus/plexus/util/io/InputStreamFacade done
Event: 41.877 loading class org/codehaus/plexus/util/IOUtil
Event: 41.877 loading class org/codehaus/plexus/util/IOUtil done
Event: 41.877 loading class org/codehaus/plexus/util/IOUtil
Event: 41.877 loading class org/codehaus/plexus/util/IOUtil done


Dynamic libraries:
0x00007ff7d2d50000 - 0x00007ff7d2d87000 	C:\Program Files\Java\jdk1.8.0_241\bin\java.exe
0x00007ffbc7de0000 - 0x00007ffbc7fd0000 	C:\windows\SYSTEM32\ntdll.dll
0x00007ffbc69e0000 - 0x00007ffbc6a92000 	C:\windows\System32\KERNEL32.DLL
0x00007ffbc57a0000 - 0x00007ffbc5a44000 	C:\windows\System32\KERNELBASE.dll
0x00007ffbc7c80000 - 0x00007ffbc7d23000 	C:\windows\System32\ADVAPI32.dll
0x00007ffbc5fb0000 - 0x00007ffbc604e000 	C:\windows\System32\msvcrt.dll
0x00007ffbc7950000 - 0x00007ffbc79e7000 	C:\windows\System32\sechost.dll
0x00007ffbc7b60000 - 0x00007ffbc7c80000 	C:\windows\System32\RPCRT4.dll
0x00007ffbc6830000 - 0x00007ffbc69c4000 	C:\windows\System32\USER32.dll
0x00007ffbc5620000 - 0x00007ffbc5641000 	C:\windows\System32\win32u.dll
0x00007ffbc5f80000 - 0x00007ffbc5fa6000 	C:\windows\System32\GDI32.dll
0x00007ffbc5a50000 - 0x00007ffbc5be4000 	C:\windows\System32\gdi32full.dll
0x00007ffbc4da0000 - 0x00007ffbc4e3e000 	C:\windows\System32\msvcp_win.dll
0x00007ffbc5bf0000 - 0x00007ffbc5cea000 	C:\windows\System32\ucrtbase.dll
0x00007ffbb25d0000 - 0x00007ffbb2854000 	C:\windows\WinSxS\amd64_microsoft.windows.common-controls_6595b64144ccf1df_6.0.18362.836_none_e6c4b943130f18ed\COMCTL32.dll
0x00007ffbc7430000 - 0x00007ffbc7766000 	C:\windows\System32\combase.dll
0x00007ffbc5720000 - 0x00007ffbc57a0000 	C:\windows\System32\bcryptPrimitives.dll
0x00007ffbc6fc0000 - 0x00007ffbc6fee000 	C:\windows\System32\IMM32.DLL
0x0000000062cf0000 - 0x0000000062dc2000 	C:\Program Files\Java\jdk1.8.0_241\jre\bin\msvcr100.dll
0x0000000061cb0000 - 0x000000006255c000 	C:\Program Files\Java\jdk1.8.0_241\jre\bin\server\jvm.dll
0x00007ffbc69d0000 - 0x00007ffbc69d8000 	C:\windows\System32\PSAPI.DLL
0x00007ffbba1c0000 - 0x00007ffbba1c9000 	C:\windows\SYSTEM32\WSOCK32.dll
0x00007ffbc7d30000 - 0x00007ffbc7d9f000 	C:\windows\System32\WS2_32.dll
0x00007ffbba7d0000 - 0x00007ffbba7da000 	C:\windows\SYSTEM32\VERSION.dll
0x00007ffbbb930000 - 0x00007ffbbb954000 	C:\windows\SYSTEM32\WINMM.dll
0x00007ffbbb900000 - 0x00007ffbbb92d000 	C:\windows\SYSTEM32\WINMMBASE.dll
0x00007ffbc5cf0000 - 0x00007ffbc5d3a000 	C:\windows\System32\cfgmgr32.dll
0x00007ffbba1b0000 - 0x00007ffbba1bf000 	C:\Program Files\Java\jdk1.8.0_241\jre\bin\verify.dll
0x00007ffbb1f30000 - 0x00007ffbb1f59000 	C:\Program Files\Java\jdk1.8.0_241\jre\bin\java.dll
0x00007ffbb9c30000 - 0x00007ffbb9c46000 	C:\Program Files\Java\jdk1.8.0_241\jre\bin\zip.dll
0x00007ffbc6140000 - 0x00007ffbc6824000 	C:\windows\System32\SHELL32.dll
0x00007ffbc79f0000 - 0x00007ffbc7a99000 	C:\windows\System32\shcore.dll
0x00007ffbc4e40000 - 0x00007ffbc55be000 	C:\windows\System32\windows.storage.dll
0x00007ffbc4cb0000 - 0x00007ffbc4cd3000 	C:\windows\System32\profapi.dll
0x00007ffbc4d20000 - 0x00007ffbc4d6a000 	C:\windows\System32\powrprof.dll
0x00007ffbc4ca0000 - 0x00007ffbc4cb0000 	C:\windows\System32\UMPDC.dll
0x00007ffbc5eb0000 - 0x00007ffbc5f02000 	C:\windows\System32\shlwapi.dll
0x00007ffbc4ce0000 - 0x00007ffbc4cf1000 	C:\windows\System32\kernel.appcore.dll
0x00007ffbc5650000 - 0x00007ffbc5667000 	C:\windows\System32\cryptsp.dll
0x00007ffba7c60000 - 0x00007ffba7c7a000 	C:\Program Files\Java\jdk1.8.0_241\jre\bin\net.dll
0x00007ffbc44b0000 - 0x00007ffbc4517000 	C:\windows\system32\mswsock.dll
0x00007ffba7210000 - 0x00007ffba7222000 	C:\Program Files\Java\jdk1.8.0_241\jre\bin\nio.dll
0x00007ffbc4020000 - 0x00007ffbc4053000 	C:\windows\system32\rsaenh.dll
0x00007ffbc4d70000 - 0x00007ffbc4d96000 	C:\windows\System32\bcrypt.dll
0x00007ffbc4bc0000 - 0x00007ffbc4be5000 	C:\windows\SYSTEM32\USERENV.dll
0x00007ffbc4680000 - 0x00007ffbc468c000 	C:\windows\SYSTEM32\CRYPTBASE.dll
0x00007ffbc41c0000 - 0x00007ffbc41fa000 	C:\windows\SYSTEM32\IPHLPAPI.DLL
0x00007ffbc6120000 - 0x00007ffbc6128000 	C:\windows\System32\NSI.dll
0x00007ffbbd400000 - 0x00007ffbbd416000 	C:\windows\SYSTEM32\dhcpcsvc6.DLL
0x00007ffbbd9b0000 - 0x00007ffbbd9cc000 	C:\windows\SYSTEM32\dhcpcsvc.DLL
0x00007ffbc4200000 - 0x00007ffbc42cb000 	C:\windows\SYSTEM32\DNSAPI.dll
0x00007ffba0530000 - 0x00007ffba06ca000 	C:\Program Files\Java\jdk1.8.0_241\jre\bin\awt.dll
0x00007ffbc7130000 - 0x00007ffbc71f4000 	C:\windows\System32\OLEAUT32.dll
0x00007ffbc2b30000 - 0x00007ffbc2bbf000 	C:\windows\SYSTEM32\apphelp.dll

VM Arguments:
jvm_args: -Dclassworlds.conf=C:\Program Files\NetBeans 8.2\java\maven\bin\m2.conf -Dmaven.home=C:\Program Files\NetBeans 8.2\java\maven 
java_command: org.codehaus.plexus.classworlds.launcher.Launcher -Dmaven.ext.class.path=C:\Program Files\NetBeans 8.2\java\maven-nblib\netbeans-eventspy.jar -Dfile.encoding=UTF-8 clean install
java_class_path (initial): C:\Program Files\NetBeans 8.2\java\maven\boot\plexus-classworlds-2.4.jar
Launcher Type: SUN_STANDARD

Environment Variables:
JAVA_HOME=C:\Program Files\Java\jdk1.8.0_241
PATH=C:\Program Files (x86)\Intel\iCLS Client\;C:\Program Files\Intel\iCLS Client\;C:\windows\system32;C:\windows;C:\windows\System32\Wbem;C:\windows\System32\WindowsPowerShell\v1.0\;C:\windows\System32\OpenSSH\;C:\Program Files (x86)\Intel\Intel(R) Management Engine Components\DAL;C:\Program Files\Intel\Intel(R) Management Engine Components\DAL;C:\Program Files (x86)\Intel\Intel(R) Management Engine Components\IPT;C:\Program Files\Intel\Intel(R) Management Engine Components\IPT;C:\Program Files\Java\jdk1.8.0_241\bin;C:\Program Files\Git\cmd;C:\Program Files\nodejs\;C:\Program Files\MySQL\MySQL Shell 8.0\bin\;C:\Users\ticho\AppData\Local\Microsoft\WindowsApps;C:\Users\ticho\AppData\Local\Programs\Microsoft VS Code\bin;C:\Users\ticho\AppData\Local\GitHubDesktop\bin;C:\Users\ticho\AppData\Local\atom\bin;C:\Users\ticho\AppData\Roaming\npm;";C:\Program Files\nodejs";
USERNAME=ticho
OS=Windows_NT
PROCESSOR_IDENTIFIER=Intel64 Family 6 Model 61 Stepping 4, GenuineIntel



---------------  S Y S T E M  ---------------

OS: Windows 10.0 , 64 bit Build 18362 (10.0.18362.778)

CPU:total 4 (initial active 4) (2 cores per cpu, 2 threads per core) family 6 model 61 stepping 4, cmov, cx8, fxsr, mmx, sse, sse2, sse3, ssse3, sse4.1, sse4.2, popcnt, avx, avx2, aes, clmul, erms, 3dnowpref, lzcnt, ht, tsc, tscinvbit, bmi1, bmi2, adx

Memory: 4k page, physical 4104268k(328096k free), swap 16687180k(10496k free)

vm_info: Java HotSpot(TM) 64-Bit Server VM (25.241-b07) for windows-amd64 JRE (1.8.0_241-b07), built on Dec 11 2019 10:21:40 by "rejava" with MS VC++ 10.0 (VS2010)

time: Tue Jun 02 19:04:59 2020
timezone: Θερινή ώρα GTB
elapsed time: 42 seconds (0d 0h 0m 42s)

