#
# There is insufficient memory for the Java Runtime Environment to continue.
# Native memory allocation (malloc) failed to allocate 1897744 bytes for Chunk::new
# Possible reasons:
#   The system is out of physical RAM or swap space
#   The process is running with CompressedOops enabled, and the Java Heap may be blocking the growth of the native heap
# Possible solutions:
#   Reduce memory load on the system
#   Increase physical memory or swap space
#   Check if swap backing store is full
#   Decrease Java heap size (-Xmx/-Xms)
#   Decrease number of Java threads
#   Decrease Java thread stack sizes (-Xss)
#   Set larger code cache with -XX:ReservedCodeCacheSize=
#   JVM is running with Unscaled Compressed Oops mode in which the Java heap is
#     placed in the first 4GB address space. The Java Heap base address is the
#     maximum limit for the native heap growth. Please use -XX:HeapBaseMinAddress
#     to set the Java Heap base and to place the Java Heap above 4GB virtual address.
# This output file may be truncated or incomplete.
#
#  Out of Memory Error (allocation.cpp:389), pid=27668, tid=0x0000000000007e24
#
# JRE version: Java(TM) SE Runtime Environment (8.0_241-b07) (build 1.8.0_241-b07)
# Java VM: Java HotSpot(TM) 64-Bit Server VM (25.241-b07 mixed mode windows-amd64 compressed oops)
# Failed to write core dump. Minidumps are not enabled by default on client versions of Windows
#

---------------  T H R E A D  ---------------

Current thread (0x00000000154d2000):  JavaThread "C2 CompilerThread1" daemon [_thread_in_native, id=32292, stack(0x0000000016c40000,0x0000000016d40000)]

Stack: [0x0000000016c40000,0x0000000016d40000]
[error occurred during error reporting (printing stack bounds), id 0xc0000005]

Native frames: (J=compiled Java code, j=interpreted, Vv=VM code, C=native code)


Current CompileTask:
C2:  24209 2842   !   4       java.net.URLClassLoader$1::run (63 bytes)


---------------  P R O C E S S  ---------------

Java Threads: ( => current thread )
  0x0000000016e6a000 JavaThread "Service Thread" daemon [_thread_blocked, id=17472, stack(0x0000000017240000,0x0000000017340000)]
  0x000000001550b000 JavaThread "C1 CompilerThread2" daemon [_thread_blocked, id=4828, stack(0x0000000016d40000,0x0000000016e40000)]
=>0x00000000154d2000 JavaThread "C2 CompilerThread1" daemon [_thread_in_native, id=32292, stack(0x0000000016c40000,0x0000000016d40000)]
  0x00000000154c9000 JavaThread "C2 CompilerThread0" daemon [_thread_blocked, id=31768, stack(0x0000000016b40000,0x0000000016c40000)]
  0x00000000154c7800 JavaThread "Attach Listener" daemon [_thread_blocked, id=24356, stack(0x0000000016a40000,0x0000000016b40000)]
  0x00000000154c4000 JavaThread "Signal Dispatcher" daemon [_thread_blocked, id=29796, stack(0x0000000016940000,0x0000000016a40000)]
  0x0000000002eaa800 JavaThread "Finalizer" daemon [_thread_blocked, id=34524, stack(0x0000000016710000,0x0000000016810000)]
  0x0000000002ea2000 JavaThread "Reference Handler" daemon [_thread_blocked, id=23580, stack(0x0000000016610000,0x0000000016710000)]
  0x0000000002db2800 JavaThread "main" [_thread_in_native, id=33876, stack(0x0000000002c30000,0x0000000002d30000)]

Other Threads:
  0x0000000015487800 VMThread [stack: 0x0000000016510000,0x0000000016610000] [id=17624]
  0x0000000016e6b800 WatcherThread [stack: 0x0000000017340000,0x0000000017440000] [id=34064]

VM state:not at safepoint (normal execution)

VM Mutex/Monitor currently owned by a thread: None

heap address: 0x00000000c1400000, size: 1004 MB, Compressed Oops mode: 32-bit
Narrow klass base: 0x0000000000000000, Narrow klass shift: 3
Compressed class space size: 1073741824 Address: 0x0000000100000000

Heap:
 PSYoungGen      total 68096K, used 40258K [0x00000000eb180000, 0x00000000f4180000, 0x0000000100000000)
  eden space 65536K, 57% used [0x00000000eb180000,0x00000000ed650818,0x00000000ef180000)
  from space 2560K, 100% used [0x00000000ef180000,0x00000000ef400000,0x00000000ef400000)
  to   space 8192K, 0% used [0x00000000f3980000,0x00000000f3980000,0x00000000f4180000)
 ParOldGen       total 44032K, used 11744K [0x00000000c1400000, 0x00000000c3f00000, 0x00000000eb180000)
  object space 44032K, 26% used [0x00000000c1400000,0x00000000c1f782c8,0x00000000c3f00000)
 Metaspace       used 14442K, capacity 14814K, committed 14848K, reserved 1062912K
  class space    used 1686K, capacity 1773K, committed 1792K, reserved 1048576K

Card table byte_map: [0x0000000012270000,0x0000000012470000] byte_map_base: 0x0000000011c66000

Marking Bits: (ParMarkBitMap*) 0x00000000624dbe30
 Begin Bits: [0x00000000129c0000, 0x0000000013970000)
 End Bits:   [0x0000000013970000, 0x0000000014920000)

Polling page: 0x0000000002d30000

CodeCache: size=245760Kb used=10585Kb max_used=10585Kb free=235174Kb
 bounds [0x0000000002eb0000, 0x0000000003920000, 0x0000000011eb0000]
 total_blobs=3207 nmethods=2871 adapters=247
 compilation: enabled

Compilation events (10 events):
Event: 23.786 Thread 0x00000000154c9000 2879       4       java.util.regex.Pattern$GroupTail::match (111 bytes)
Event: 23.792 Thread 0x00000000154c9000 nmethod 2879 0x00000000038f48d0 code [0x00000000038f4a20, 0x00000000038f4c58]
Event: 24.029 Thread 0x000000001550b000 2882       3       org.apache.maven.model.management.DefaultPluginManagementInjector$ManagementModelMerger::mergePluginContainer_Plugins (168 bytes)
Event: 24.033 Thread 0x000000001550b000 nmethod 2882 0x00000000038f4ed0 code [0x00000000038f5360, 0x00000000038f8148]
Event: 24.164 Thread 0x00000000154c9000 2883   !   4       org.apache.maven.model.Dependency::clone (137 bytes)
Event: 24.167 Thread 0x000000001550b000 2885   !   3       org.sonatype.aether.impl.internal.DefaultDependencyCollector::process (1336 bytes)
Event: 24.190 Thread 0x00000000154c9000 nmethod 2883 0x00000000038f1450 code [0x00000000038f1600, 0x00000000038f1f08]
Event: 24.198 Thread 0x000000001550b000 nmethod 2885 0x00000000038fbe50 code [0x00000000038fcc60, 0x0000000003907c58]
Event: 24.198 Thread 0x000000001550b000 2884       3       org.sonatype.aether.impl.internal.EdgeStack::push (61 bytes)
Event: 24.199 Thread 0x000000001550b000 nmethod 2884 0x00000000038f0d50 code [0x00000000038f0ec0, 0x00000000038f12c8]

GC Heap History (10 events):
Event: 2.661 GC heap before
{Heap before GC invocations=1 (full 0):
 PSYoungGen      total 18944K, used 16384K [0x00000000eb180000, 0x00000000ec680000, 0x0000000100000000)
  eden space 16384K, 100% used [0x00000000eb180000,0x00000000ec180000,0x00000000ec180000)
  from space 2560K, 0% used [0x00000000ec400000,0x00000000ec400000,0x00000000ec680000)
  to   space 2560K, 0% used [0x00000000ec180000,0x00000000ec180000,0x00000000ec400000)
 ParOldGen       total 44032K, used 0K [0x00000000c1400000, 0x00000000c3f00000, 0x00000000eb180000)
  object space 44032K, 0% used [0x00000000c1400000,0x00000000c1400000,0x00000000c3f00000)
 Metaspace       used 6705K, capacity 6824K, committed 7040K, reserved 1056768K
  class space    used 820K, capacity 892K, committed 896K, reserved 1048576K
Event: 2.709 GC heap after
Heap after GC invocations=1 (full 0):
 PSYoungGen      total 18944K, used 2547K [0x00000000eb180000, 0x00000000ed680000, 0x0000000100000000)
  eden space 16384K, 0% used [0x00000000eb180000,0x00000000eb180000,0x00000000ec180000)
  from space 2560K, 99% used [0x00000000ec180000,0x00000000ec3fcd10,0x00000000ec400000)
  to   space 2560K, 0% used [0x00000000ed400000,0x00000000ed400000,0x00000000ed680000)
 ParOldGen       total 44032K, used 665K [0x00000000c1400000, 0x00000000c3f00000, 0x00000000eb180000)
  object space 44032K, 1% used [0x00000000c1400000,0x00000000c14a67d0,0x00000000c3f00000)
 Metaspace       used 6705K, capacity 6824K, committed 7040K, reserved 1056768K
  class space    used 820K, capacity 892K, committed 896K, reserved 1048576K
}
Event: 3.890 GC heap before
{Heap before GC invocations=2 (full 0):
 PSYoungGen      total 18944K, used 18931K [0x00000000eb180000, 0x00000000ed680000, 0x0000000100000000)
  eden space 16384K, 100% used [0x00000000eb180000,0x00000000ec180000,0x00000000ec180000)
  from space 2560K, 99% used [0x00000000ec180000,0x00000000ec3fcd10,0x00000000ec400000)
  to   space 2560K, 0% used [0x00000000ed400000,0x00000000ed400000,0x00000000ed680000)
 ParOldGen       total 44032K, used 665K [0x00000000c1400000, 0x00000000c3f00000, 0x00000000eb180000)
  object space 44032K, 1% used [0x00000000c1400000,0x00000000c14a67d0,0x00000000c3f00000)
 Metaspace       used 7721K, capacity 7854K, committed 7936K, reserved 1056768K
  class space    used 971K, capacity 1021K, committed 1024K, reserved 1048576K
Event: 3.913 GC heap after
Heap after GC invocations=2 (full 0):
 PSYoungGen      total 35328K, used 2555K [0x00000000eb180000, 0x00000000ed680000, 0x0000000100000000)
  eden space 32768K, 0% used [0x00000000eb180000,0x00000000eb180000,0x00000000ed180000)
  from space 2560K, 99% used [0x00000000ed400000,0x00000000ed67efa8,0x00000000ed680000)
  to   space 2560K, 0% used [0x00000000ed180000,0x00000000ed180000,0x00000000ed400000)
 ParOldGen       total 44032K, used 804K [0x00000000c1400000, 0x00000000c3f00000, 0x00000000eb180000)
  object space 44032K, 1% used [0x00000000c1400000,0x00000000c14c90b8,0x00000000c3f00000)
 Metaspace       used 7721K, capacity 7854K, committed 7936K, reserved 1056768K
  class space    used 971K, capacity 1021K, committed 1024K, reserved 1048576K
}
Event: 6.890 GC heap before
{Heap before GC invocations=3 (full 0):
 PSYoungGen      total 35328K, used 35323K [0x00000000eb180000, 0x00000000ed680000, 0x0000000100000000)
  eden space 32768K, 100% used [0x00000000eb180000,0x00000000ed180000,0x00000000ed180000)
  from space 2560K, 99% used [0x00000000ed400000,0x00000000ed67efa8,0x00000000ed680000)
  to   space 2560K, 0% used [0x00000000ed180000,0x00000000ed180000,0x00000000ed400000)
 ParOldGen       total 44032K, used 804K [0x00000000c1400000, 0x00000000c3f00000, 0x00000000eb180000)
  object space 44032K, 1% used [0x00000000c1400000,0x00000000c14c90b8,0x00000000c3f00000)
 Metaspace       used 12264K, capacity 12480K, committed 12672K, reserved 1060864K
  class space    used 1507K, capacity 1580K, committed 1664K, reserved 1048576K
Event: 6.919 GC heap after
Heap after GC invocations=3 (full 0):
 PSYoungGen      total 35328K, used 2528K [0x00000000eb180000, 0x00000000ef680000, 0x0000000100000000)
  eden space 32768K, 0% used [0x00000000eb180000,0x00000000eb180000,0x00000000ed180000)
  from space 2560K, 98% used [0x00000000ed180000,0x00000000ed3f8020,0x00000000ed400000)
  to   space 2560K, 0% used [0x00000000ef400000,0x00000000ef400000,0x00000000ef680000)
 ParOldGen       total 44032K, used 5787K [0x00000000c1400000, 0x00000000c3f00000, 0x00000000eb180000)
  object space 44032K, 13% used [0x00000000c1400000,0x00000000c19a6e80,0x00000000c3f00000)
 Metaspace       used 12264K, capacity 12480K, committed 12672K, reserved 1060864K
  class space    used 1507K, capacity 1580K, committed 1664K, reserved 1048576K
}
Event: 8.243 GC heap before
{Heap before GC invocations=4 (full 0):
 PSYoungGen      total 35328K, used 35296K [0x00000000eb180000, 0x00000000ef680000, 0x0000000100000000)
  eden space 32768K, 100% used [0x00000000eb180000,0x00000000ed180000,0x00000000ed180000)
  from space 2560K, 98% used [0x00000000ed180000,0x00000000ed3f8020,0x00000000ed400000)
  to   space 2560K, 0% used [0x00000000ef400000,0x00000000ef400000,0x00000000ef680000)
 ParOldGen       total 44032K, used 5787K [0x00000000c1400000, 0x00000000c3f00000, 0x00000000eb180000)
  object space 44032K, 13% used [0x00000000c1400000,0x00000000c19a6e80,0x00000000c3f00000)
 Metaspace       used 12650K, capacity 12862K, committed 13184K, reserved 1060864K
  class space    used 1529K, capacity 1617K, committed 1664K, reserved 1048576K
Event: 8.262 GC heap after
Heap after GC invocations=4 (full 0):
 PSYoungGen      total 68096K, used 2544K [0x00000000eb180000, 0x00000000ef680000, 0x0000000100000000)
  eden space 65536K, 0% used [0x00000000eb180000,0x00000000eb180000,0x00000000ef180000)
  from space 2560K, 99% used [0x00000000ef400000,0x00000000ef67c010,0x00000000ef680000)
  to   space 2560K, 0% used [0x00000000ef180000,0x00000000ef180000,0x00000000ef400000)
 ParOldGen       total 44032K, used 8571K [0x00000000c1400000, 0x00000000c3f00000, 0x00000000eb180000)
  object space 44032K, 19% used [0x00000000c1400000,0x00000000c1c5ec88,0x00000000c3f00000)
 Metaspace       used 12650K, capacity 12862K, committed 13184K, reserved 1060864K
  class space    used 1529K, capacity 1617K, committed 1664K, reserved 1048576K
}
Event: 18.190 GC heap before
{Heap before GC invocations=5 (full 0):
 PSYoungGen      total 68096K, used 68080K [0x00000000eb180000, 0x00000000ef680000, 0x0000000100000000)
  eden space 65536K, 100% used [0x00000000eb180000,0x00000000ef180000,0x00000000ef180000)
  from space 2560K, 99% used [0x00000000ef400000,0x00000000ef67c010,0x00000000ef680000)
  to   space 2560K, 0% used [0x00000000ef180000,0x00000000ef180000,0x00000000ef400000)
 ParOldGen       total 44032K, used 8571K [0x00000000c1400000, 0x00000000c3f00000, 0x00000000eb180000)
  object space 44032K, 19% used [0x00000000c1400000,0x00000000c1c5ec88,0x00000000c3f00000)
 Metaspace       used 13539K, capacity 13826K, committed 13952K, reserved 1060864K
  class space    used 1601K, capacity 1659K, committed 1664K, reserved 1048576K
Event: 18.281 GC heap after
Heap after GC invocations=5 (full 0):
 PSYoungGen      total 68096K, used 2560K [0x00000000eb180000, 0x00000000f4180000, 0x0000000100000000)
  eden space 65536K, 0% used [0x00000000eb180000,0x00000000eb180000,0x00000000ef180000)
  from space 2560K, 100% used [0x00000000ef180000,0x00000000ef400000,0x00000000ef400000)
  to   space 8192K, 0% used [0x00000000f3980000,0x00000000f3980000,0x00000000f4180000)
 ParOldGen       total 44032K, used 11744K [0x00000000c1400000, 0x00000000c3f00000, 0x00000000eb180000)
  object space 44032K, 26% used [0x00000000c1400000,0x00000000c1f782c8,0x00000000c3f00000)
 Metaspace       used 13539K, capacity 13826K, committed 13952K, reserved 1060864K
  class space    used 1601K, capacity 1659K, committed 1664K, reserved 1048576K
}

Deoptimization events (10 events):
Event: 14.650 Thread 0x0000000002db2800 Uncommon trap: reason=class_check action=maybe_recompile pc=0x000000000334c5a8 method=java.util.concurrent.ConcurrentHashMap.get(Ljava/lang/Object;)Ljava/lang/Object; @ 149
Event: 14.663 Thread 0x0000000002db2800 Uncommon trap: reason=class_check action=maybe_recompile pc=0x000000000334c5a8 method=java.util.concurrent.ConcurrentHashMap.get(Ljava/lang/Object;)Ljava/lang/Object; @ 149
Event: 15.175 Thread 0x0000000002db2800 Uncommon trap: reason=class_check action=maybe_recompile pc=0x000000000334c5a8 method=java.util.concurrent.ConcurrentHashMap.get(Ljava/lang/Object;)Ljava/lang/Object; @ 149
Event: 15.787 Thread 0x0000000002db2800 Uncommon trap: reason=bimorphic action=maybe_recompile pc=0x0000000003624348 method=java.util.AbstractSet.equals(Ljava/lang/Object;)Z @ 28
Event: 15.813 Thread 0x0000000002db2800 Uncommon trap: reason=bimorphic action=maybe_recompile pc=0x0000000003624348 method=java.util.AbstractSet.equals(Ljava/lang/Object;)Z @ 28
Event: 20.255 Thread 0x0000000002db2800 Uncommon trap: reason=unstable_if action=reinterpret pc=0x00000000033b475c method=java.util.LinkedHashMap.afterNodeInsertion(Z)V @ 18
Event: 20.414 Thread 0x0000000002db2800 Uncommon trap: reason=bimorphic action=maybe_recompile pc=0x00000000032473b0 method=java.util.HashMap.putVal(ILjava/lang/Object;Ljava/lang/Object;ZZ)Ljava/lang/Object; @ 203
Event: 20.443 Thread 0x0000000002db2800 Uncommon trap: reason=bimorphic action=maybe_recompile pc=0x00000000032473b0 method=java.util.HashMap.putVal(ILjava/lang/Object;Ljava/lang/Object;ZZ)Ljava/lang/Object; @ 203
Event: 20.510 Thread 0x0000000002db2800 Uncommon trap: reason=unstable_if action=reinterpret pc=0x000000000369cc38 method=org.sonatype.guice.bean.locators.RankedBindings$Itr.hasNext()Z @ 60
Event: 20.511 Thread 0x0000000002db2800 Uncommon trap: reason=unstable_if action=reinterpret pc=0x000000000369146c method=org.sonatype.guice.bean.locators.RankedBindings$Itr.hasNext()Z @ 60

Classes redefined (0 events):
No events

Internal exceptions (10 events):
Event: 3.860 Thread 0x0000000002db2800 Exception <a 'java/lang/NoClassDefFoundError': org/slf4j/Logger> (0x00000000ec13af00) thrown at [C:\ade\jenkins\workspace\8-2-build-windows-amd64-cygwin\jdk8u241\331\hotspot\src\share\vm\classfile\systemDictionary.cpp, line 199]
Event: 4.204 Thread 0x0000000002db2800 Exception <a 'java/lang/NoClassDefFoundError': org/slf4j/LoggerFactory> (0x00000000eb430448) thrown at [C:\ade\jenkins\workspace\8-2-build-windows-amd64-cygwin\jdk8u241\331\hotspot\src\share\vm\classfile\systemDictionary.cpp, line 199]
Event: 4.204 Thread 0x0000000002db2800 Exception <a 'java/lang/NoClassDefFoundError'> (0x00000000eb430448) thrown at [C:\ade\jenkins\workspace\8-2-build-windows-amd64-cygwin\jdk8u241\331\hotspot\src\share\vm\oops\instanceKlass.cpp, line 959]
Event: 6.418 Thread 0x0000000002db2800 Implicit null exception at 0x0000000003279255 to 0x000000000327942d
Event: 6.418 Thread 0x0000000002db2800 Implicit null exception at 0x0000000003253eef to 0x0000000003253f59
Event: 7.018 Thread 0x0000000002db2800 Implicit null exception at 0x0000000003378d63 to 0x0000000003379195
Event: 8.428 Thread 0x0000000002db2800 Implicit null exception at 0x0000000003243c18 to 0x0000000003243ca6
Event: 8.870 Thread 0x0000000002db2800 Exception <a 'java/lang/NoClassDefFoundError': org/slf4j/Logger> (0x00000000ebaa76d0) thrown at [C:\ade\jenkins\workspace\8-2-build-windows-amd64-cygwin\jdk8u241\331\hotspot\src\share\vm\oops\constantPool.cpp, line 245]
Event: 20.447 Thread 0x0000000002db2800 Exception <a 'java/lang/NoClassDefFoundError': org/slf4j/Logger> (0x00000000ec6b2ac0) thrown at [C:\ade\jenkins\workspace\8-2-build-windows-amd64-cygwin\jdk8u241\331\hotspot\src\share\vm\oops\constantPool.cpp, line 245]
Event: 23.210 Thread 0x0000000002db2800 Exception <a 'java/lang/NoClassDefFoundError': org/slf4j/Logger> (0x00000000ecee9d38) thrown at [C:\ade\jenkins\workspace\8-2-build-windows-amd64-cygwin\jdk8u241\331\hotspot\src\share\vm\oops\constantPool.cpp, line 245]

Events (10 events):
Event: 23.403 loading class org/codehaus/plexus/util/IOUtil
Event: 23.403 loading class org/codehaus/plexus/util/IOUtil done
Event: 23.406 loading class org/sonatype/plexus/build/incremental/EmptyScanner
Event: 23.406 loading class org/sonatype/plexus/build/incremental/EmptyScanner done
Event: 23.406 loading class org/sonatype/plexus/build/incremental/EmptyScanner
Event: 23.406 loading class org/sonatype/plexus/build/incremental/EmptyScanner done
Event: 23.408 loading class org/apache/maven/artifact/resolver/filter/CumulativeScopeArtifactFilter
Event: 23.408 loading class org/apache/maven/artifact/resolver/filter/CumulativeScopeArtifactFilter done
Event: 23.409 loading class org/apache/maven/artifact/resolver/filter/AbstractScopeArtifactFilter
Event: 23.409 loading class org/apache/maven/artifact/resolver/filter/AbstractScopeArtifactFilter done


Dynamic libraries:
0x00007ff7d2d50000 - 0x00007ff7d2d87000 	C:\Program Files\Java\jdk1.8.0_241\bin\java.exe
0x00007ffbc7de0000 - 0x00007ffbc7fd0000 	C:\windows\SYSTEM32\ntdll.dll
0x00007ffbc69e0000 - 0x00007ffbc6a92000 	C:\windows\System32\KERNEL32.DLL
0x00007ffbc57a0000 - 0x00007ffbc5a44000 	C:\windows\System32\KERNELBASE.dll
0x00007ffbc7c80000 - 0x00007ffbc7d23000 	C:\windows\System32\ADVAPI32.dll
0x00007ffbc5fb0000 - 0x00007ffbc604e000 	C:\windows\System32\msvcrt.dll
0x00007ffbc7950000 - 0x00007ffbc79e7000 	C:\windows\System32\sechost.dll
0x00007ffbc7b60000 - 0x00007ffbc7c80000 	C:\windows\System32\RPCRT4.dll
0x00007ffbc6830000 - 0x00007ffbc69c4000 	C:\windows\System32\USER32.dll
0x00007ffbc5620000 - 0x00007ffbc5641000 	C:\windows\System32\win32u.dll
0x00007ffbc5f80000 - 0x00007ffbc5fa6000 	C:\windows\System32\GDI32.dll
0x00007ffbc5a50000 - 0x00007ffbc5be4000 	C:\windows\System32\gdi32full.dll
0x00007ffbc4da0000 - 0x00007ffbc4e3e000 	C:\windows\System32\msvcp_win.dll
0x00007ffbc5bf0000 - 0x00007ffbc5cea000 	C:\windows\System32\ucrtbase.dll
0x00007ffbb25d0000 - 0x00007ffbb2854000 	C:\windows\WinSxS\amd64_microsoft.windows.common-controls_6595b64144ccf1df_6.0.18362.836_none_e6c4b943130f18ed\COMCTL32.dll
0x00007ffbc7430000 - 0x00007ffbc7766000 	C:\windows\System32\combase.dll
0x00007ffbc5720000 - 0x00007ffbc57a0000 	C:\windows\System32\bcryptPrimitives.dll
0x00007ffbc6fc0000 - 0x00007ffbc6fee000 	C:\windows\System32\IMM32.DLL
0x0000000062cf0000 - 0x0000000062dc2000 	C:\Program Files\Java\jdk1.8.0_241\jre\bin\msvcr100.dll
0x0000000061cb0000 - 0x000000006255c000 	C:\Program Files\Java\jdk1.8.0_241\jre\bin\server\jvm.dll
0x00007ffbc69d0000 - 0x00007ffbc69d8000 	C:\windows\System32\PSAPI.DLL
0x00007ffbba1c0000 - 0x00007ffbba1c9000 	C:\windows\SYSTEM32\WSOCK32.dll
0x00007ffbbb930000 - 0x00007ffbbb954000 	C:\windows\SYSTEM32\WINMM.dll
0x00007ffbc7d30000 - 0x00007ffbc7d9f000 	C:\windows\System32\WS2_32.dll
0x00007ffbbb900000 - 0x00007ffbbb92d000 	C:\windows\SYSTEM32\winmmbase.dll
0x00007ffbc5cf0000 - 0x00007ffbc5d3a000 	C:\windows\System32\cfgmgr32.dll
0x00007ffbba7d0000 - 0x00007ffbba7da000 	C:\windows\SYSTEM32\VERSION.dll
0x00007ffbba1b0000 - 0x00007ffbba1bf000 	C:\Program Files\Java\jdk1.8.0_241\jre\bin\verify.dll
0x00007ffbb1f30000 - 0x00007ffbb1f59000 	C:\Program Files\Java\jdk1.8.0_241\jre\bin\java.dll
0x00007ffbb9c30000 - 0x00007ffbb9c46000 	C:\Program Files\Java\jdk1.8.0_241\jre\bin\zip.dll
0x00007ffbc6140000 - 0x00007ffbc6824000 	C:\windows\System32\SHELL32.dll
0x00007ffbc79f0000 - 0x00007ffbc7a99000 	C:\windows\System32\shcore.dll
0x00007ffbc4e40000 - 0x00007ffbc55be000 	C:\windows\System32\windows.storage.dll
0x00007ffbc4cb0000 - 0x00007ffbc4cd3000 	C:\windows\System32\profapi.dll
0x00007ffbc4d20000 - 0x00007ffbc4d6a000 	C:\windows\System32\powrprof.dll
0x00007ffbc4ca0000 - 0x00007ffbc4cb0000 	C:\windows\System32\UMPDC.dll
0x00007ffbc5eb0000 - 0x00007ffbc5f02000 	C:\windows\System32\shlwapi.dll
0x00007ffbc4ce0000 - 0x00007ffbc4cf1000 	C:\windows\System32\kernel.appcore.dll
0x00007ffbc5650000 - 0x00007ffbc5667000 	C:\windows\System32\cryptsp.dll
0x00007ffba7c60000 - 0x00007ffba7c7a000 	C:\Program Files\Java\jdk1.8.0_241\jre\bin\net.dll
0x00007ffbc44b0000 - 0x00007ffbc4517000 	C:\windows\system32\mswsock.dll
0x00007ffba7210000 - 0x00007ffba7222000 	C:\Program Files\Java\jdk1.8.0_241\jre\bin\nio.dll

VM Arguments:
jvm_args: -Dclassworlds.conf=C:\Program Files\NetBeans 8.2\java\maven\bin\m2.conf -Dmaven.home=C:\Program Files\NetBeans 8.2\java\maven 
java_command: org.codehaus.plexus.classworlds.launcher.Launcher -Dmaven.ext.class.path=C:\Program Files\NetBeans 8.2\java\maven-nblib\netbeans-eventspy.jar -Dfile.encoding=UTF-8 clean install
java_class_path (initial): C:\Program Files\NetBeans 8.2\java\maven\boot\plexus-classworlds-2.4.jar
Launcher Type: SUN_STANDARD

Environment Variables:
JAVA_HOME=C:\Program Files\Java\jdk1.8.0_241
PATH=C:\Program Files (x86)\Intel\iCLS Client\;C:\Program Files\Intel\iCLS Client\;C:\windows\system32;C:\windows;C:\windows\System32\Wbem;C:\windows\System32\WindowsPowerShell\v1.0\;C:\windows\System32\OpenSSH\;C:\Program Files (x86)\Intel\Intel(R) Management Engine Components\DAL;C:\Program Files\Intel\Intel(R) Management Engine Components\DAL;C:\Program Files (x86)\Intel\Intel(R) Management Engine Components\IPT;C:\Program Files\Intel\Intel(R) Management Engine Components\IPT;C:\Program Files\Java\jdk1.8.0_241\bin;C:\Program Files\Git\cmd;C:\Program Files\nodejs\;C:\Program Files\MySQL\MySQL Shell 8.0\bin\;C:\Users\ticho\AppData\Local\Microsoft\WindowsApps;C:\Users\ticho\AppData\Local\Programs\Microsoft VS Code\bin;C:\Users\ticho\AppData\Local\GitHubDesktop\bin;C:\Users\ticho\AppData\Local\atom\bin;C:\Users\ticho\AppData\Roaming\npm;";C:\Program Files\nodejs";
USERNAME=ticho
OS=Windows_NT
PROCESSOR_IDENTIFIER=Intel64 Family 6 Model 61 Stepping 4, GenuineIntel



---------------  S Y S T E M  ---------------

OS: Windows 10.0 , 64 bit Build 18362 (10.0.18362.778)

CPU:total 4 (initial active 4) (2 cores per cpu, 2 threads per core) family 6 model 61 stepping 4, cmov, cx8, fxsr, mmx, sse, sse2, sse3, ssse3, sse4.1, sse4.2, popcnt, avx, avx2, aes, clmul, erms, 3dnowpref, lzcnt, ht, tsc, tscinvbit, bmi1, bmi2, adx

Memory: 4k page, physical 4104268k(219392k free), swap 16687180k(5952k free)

vm_info: Java HotSpot(TM) 64-Bit Server VM (25.241-b07) for windows-amd64 JRE (1.8.0_241-b07), built on Dec 11 2019 10:21:40 by "rejava" with MS VC++ 10.0 (VS2010)

time: Thu Jun 04 11:48:22 2020
timezone: Θερινή ώρα GTB
elapsed time: 24 seconds (0d 0h 0m 24s)

